c:\c++projects\opengl_setup\opengl_setup\debug\vc143.pdb
c:\c++projects\opengl_setup\opengl_setup\debug\vc143.idb
c:\c++projects\opengl_setup\opengl_setup\debug\imgui_widgets.obj
c:\c++projects\opengl_setup\opengl_setup\debug\imgui_tables.obj
c:\c++projects\opengl_setup\opengl_setup\debug\imgui_impl_glfw.obj
c:\c++projects\opengl_setup\opengl_setup\debug\imgui_draw.obj
c:\c++projects\opengl_setup\opengl_setup\debug\imgui_demo.obj
c:\c++projects\opengl_setup\opengl_setup\debug\imgui.obj
c:\c++projects\opengl_setup\opengl_setup\debug\main.obj
c:\c++projects\opengl_setup\opengl_setup\debug\imgui_impl_opengl3.obj
c:\c++projects\opengl_setup\opengl_setup\debug\tiny_obj_loader.obj
c:\c++projects\opengl_setup\opengl_setup\debug\glad.obj
c:\c++projects\opengl_setup\opengl_setup\debug\modelmanager.obj
c:\c++projects\opengl_setup\opengl_setup\debug\mesh.obj
c:\c++projects\opengl_setup\opengl_setup\debug\texture.obj
c:\c++projects\opengl_setup\opengl_setup\debug\model.obj
c:\c++projects\opengl_setup\debug\opengl_setup.exe
c:\c++projects\opengl_setup\debug\opengl_setup.pdb
c:\c++projects\opengl_setup\opengl_setup\debug\opengl_setup.ilk
c:\c++projects\opengl_setup\opengl_setup\debug\shader.obj
c:\c++projects\opengl_setup\opengl_setup\debug\opengl_setup.tlog\cl.command.1.tlog
c:\c++projects\opengl_setup\opengl_setup\debug\opengl_setup.tlog\cl.items.tlog
c:\c++projects\opengl_setup\opengl_setup\debug\opengl_setup.tlog\cl.read.1.tlog
c:\c++projects\opengl_setup\opengl_setup\debug\opengl_setup.tlog\cl.write.1.tlog
c:\c++projects\opengl_setup\opengl_setup\debug\opengl_setup.tlog\link-cvtres.read.1.tlog
c:\c++projects\opengl_setup\opengl_setup\debug\opengl_setup.tlog\link-cvtres.write.1.tlog
c:\c++projects\opengl_setup\opengl_setup\debug\opengl_setup.tlog\link-rc.read.1.tlog
c:\c++projects\opengl_setup\opengl_setup\debug\opengl_setup.tlog\link-rc.write.1.tlog
c:\c++projects\opengl_setup\opengl_setup\debug\opengl_setup.tlog\link.16148-cvtres.read.1.tlog
c:\c++projects\opengl_setup\opengl_setup\debug\opengl_setup.tlog\link.16148-cvtres.write.1.tlog
c:\c++projects\opengl_setup\opengl_setup\debug\opengl_setup.tlog\link.16148-rc.read.1.tlog
c:\c++projects\opengl_setup\opengl_setup\debug\opengl_setup.tlog\link.16148-rc.write.1.tlog
c:\c++projects\opengl_setup\opengl_setup\debug\opengl_setup.tlog\link.16148.read.1.tlog
c:\c++projects\opengl_setup\opengl_setup\debug\opengl_setup.tlog\link.16148.write.1.tlog
c:\c++projects\opengl_setup\opengl_setup\debug\opengl_setup.tlog\link.command.1.tlog
c:\c++projects\opengl_setup\opengl_setup\debug\opengl_setup.tlog\link.read.1.tlog
c:\c++projects\opengl_setup\opengl_setup\debug\opengl_setup.tlog\link.secondary.1.tlog
c:\c++projects\opengl_setup\opengl_setup\debug\opengl_setup.tlog\link.write.1.tlog
